#
# There is insufficient memory for the Java Runtime Environment to continue.
# Native memory allocation (malloc) failed to allocate 856016 bytes for Chunk::new
# Possible reasons:
#   The system is out of physical RAM or swap space
#   In 32 bit mode, the process size limit was hit
# Possible solutions:
#   Reduce memory load on the system
#   Increase physical memory or swap space
#   Check if swap backing store is full
#   Use 64 bit Java on a 64 bit OS
#   Decrease Java heap size (-Xmx/-Xms)
#   Decrease number of Java threads
#   Decrease Java thread stack sizes (-Xss)
#   Set larger code cache with -XX:ReservedCodeCacheSize=
# This output file may be truncated or incomplete.
#
#  Out of Memory Error (allocation.cpp:328), pid=16648, tid=13700
#
# JRE version: 7.0_11-b21
# Java VM: Java HotSpot(TM) 64-Bit Server VM (23.6-b04 mixed mode windows-amd64 compressed oops)
# Failed to write core dump. Minidumps are not enabled by default on client versions of Windows
#

---------------  T H R E A D  ---------------

Current thread (0x0000000008d24000):  JavaThread "C2 CompilerThread1" daemon [_thread_in_native, id=13700, stack(0x000000000b010000,0x000000000b110000)]

Stack: [0x000000000b010000,0x000000000b110000]

Current CompileTask:
C2:   9125  203             com.android.dx.ssa.SCCP::run (298 bytes)


---------------  P R O C E S S  ---------------

Java Threads: ( => current thread )
  0x000000000b4b5800 JavaThread "pool-1-thread-4" [_thread_in_Java, id=12448, stack(0x000000000bb10000,0x000000000bc10000)]
  0x000000000b480000 JavaThread "pool-1-thread-3" [_thread_blocked, id=13952, stack(0x000000000ba10000,0x000000000bb10000)]
  0x000000000b47f800 JavaThread "pool-1-thread-2" [_thread_blocked, id=13928, stack(0x000000000b910000,0x000000000ba10000)]
  0x000000000b47e800 JavaThread "pool-2-thread-1" [_thread_blocked, id=9532, stack(0x000000000b810000,0x000000000b910000)]
  0x000000000b4ac800 JavaThread "pool-1-thread-1" [_thread_blocked, id=12828, stack(0x000000000b710000,0x000000000b810000)]
  0x0000000008d2e000 JavaThread "Service Thread" daemon [_thread_blocked, id=17196, stack(0x000000000b110000,0x000000000b210000)]
=>0x0000000008d24000 JavaThread "C2 CompilerThread1" daemon [_thread_in_native, id=13700, stack(0x000000000b010000,0x000000000b110000)]
  0x0000000008d1a000 JavaThread "C2 CompilerThread0" daemon [_thread_in_native, id=2904, stack(0x000000000af10000,0x000000000b010000)]
  0x0000000008d19000 JavaThread "Attach Listener" daemon [_thread_blocked, id=10480, stack(0x000000000ae10000,0x000000000af10000)]
  0x0000000008d14000 JavaThread "Signal Dispatcher" daemon [_thread_blocked, id=13632, stack(0x000000000ad10000,0x000000000ae10000)]
  0x0000000008cb1000 JavaThread "Finalizer" daemon [_thread_blocked, id=13656, stack(0x000000000ac10000,0x000000000ad10000)]
  0x0000000008ca9800 JavaThread "Reference Handler" daemon [_thread_blocked, id=11116, stack(0x000000000ab10000,0x000000000ac10000)]
  0x0000000002380800 JavaThread "main" [_thread_in_vm, id=11408, stack(0x0000000002280000,0x0000000002380000)]

Other Threads:
  0x0000000008ca3800 VMThread [stack: 0x000000000aa10000,0x000000000ab10000] [id=15424]
  0x0000000008d39000 WatcherThread [stack: 0x000000000b210000,0x000000000b310000] [id=8564]

VM state:not at safepoint (normal execution)

VM Mutex/Monitor currently owned by a thread:  ([mutex/lock_event])
[0x00000000020ec0b0] CompileTaskAlloc_lock - owner thread: 0x0000000002380800
[0x00000000020ecf40] MethodCompileQueue_lock - owner thread: 0x0000000002380800

Heap
 PSYoungGen      total 38016K, used 16280K [0x00000000eaab0000, 0x00000000ef4f0000, 0x0000000100000000)
  eden space 32640K, 33% used [0x00000000eaab0000,0x00000000eb55ce10,0x00000000eca90000)
  from space 5376K, 99% used [0x00000000eca90000,0x00000000ecfc91f8,0x00000000ecfd0000)
  to   space 5376K, 0% used [0x00000000eefb0000,0x00000000eefb0000,0x00000000ef4f0000)
 ParOldGen       total 86848K, used 1337K [0x00000000c0000000, 0x00000000c54d0000, 0x00000000eaab0000)
  object space 86848K, 1% used [0x00000000c0000000,0x00000000c014e588,0x00000000c54d0000)
 PSPermGen       total 21248K, used 5854K [0x00000000bae00000, 0x00000000bc2c0000, 0x00000000c0000000)
  object space 21248K, 27% used [0x00000000bae00000,0x00000000bb3b7850,0x00000000bc2c0000)

Card table byte_map: [0x0000000005480000,0x00000000056b0000] byte_map_base: 0x0000000004ea9000

Polling page: 0x0000000000570000

Code Cache  [0x0000000002480000, 0x00000000026f0000, 0x0000000005480000)
 total_blobs=444 nmethods=209 adapters=186 free_code_cache=48318Kb largest_free_block=49449152

Compilation events (10 events):
Event: 6.690 Thread 0x0000000008d1a000 nmethod 206 0x0000000002547410 code [0x0000000002547560, 0x00000000025477a8]
Event: 6.690 Thread 0x0000000008d1a000  207             com.android.dx.rop.cst.Constant::compareTo (9 bytes)
Event: 6.691 Thread 0x0000000008d1a000 nmethod 207 0x00000000025470d0 code [0x0000000002547220, 0x00000000025472f8]
Event: 6.691 Thread 0x0000000008d1a000  208             com.android.dx.rop.code.Rop::isCallLike (5 bytes)
Event: 6.692 Thread 0x0000000008d1a000 nmethod 208 0x0000000002546e10 code [0x0000000002546f40, 0x0000000002546f98]
Event: 6.692 Thread 0x0000000008d1a000  209   !         com.android.dx.ssa.BasicRegisterMapper::map (44 bytes)
Event: 6.693 Thread 0x0000000008d1a000 nmethod 209 0x000000000254c210 code [0x000000000254c360, 0x000000000254c468]
Event: 6.694 Thread 0x0000000008d1a000  210             com.android.dx.ssa.SCCP::simulateBlock (54 bytes)
Event: 6.737 Thread 0x0000000008d1a000 nmethod 210 0x0000000002555c10 code [0x0000000002555de0, 0x0000000002556700]
Event: 6.738 Thread 0x0000000008d1a000  211             com.android.dx.rop.code.BasicBlockList::forEachInsn (39 bytes)

GC Heap History (2 events):
Event: 5.766 GC heap before
{Heap before GC invocations=1 (full 0):
 PSYoungGen      total 38016K, used 32640K [0x00000000eaab0000, 0x00000000ed510000, 0x0000000100000000)
  eden space 32640K, 100% used [0x00000000eaab0000,0x00000000eca90000,0x00000000eca90000)
  from space 5376K, 0% used [0x00000000ecfd0000,0x00000000ecfd0000,0x00000000ed510000)
  to   space 5376K, 0% used [0x00000000eca90000,0x00000000eca90000,0x00000000ecfd0000)
 ParOldGen       total 86848K, used 0K [0x00000000c0000000, 0x00000000c54d0000, 0x00000000eaab0000)
  object space 86848K, 0% used [0x00000000c0000000,0x00000000c0000000,0x00000000c54d0000)
 PSPermGen       total 21248K, used 5824K [0x00000000bae00000, 0x00000000bc2c0000, 0x00000000c0000000)
  object space 21248K, 27% used [0x00000000bae00000,0x00000000bb3b03f0,0x00000000bc2c0000)
Event: 6.585 GC heap after
Heap after GC invocations=1 (full 0):
 PSYoungGen      total 38016K, used 5348K [0x00000000eaab0000, 0x00000000ef4f0000, 0x0000000100000000)
  eden space 32640K, 0% used [0x00000000eaab0000,0x00000000eaab0000,0x00000000eca90000)
  from space 5376K, 99% used [0x00000000eca90000,0x00000000ecfc91f8,0x00000000ecfd0000)
  to   space 5376K, 0% used [0x00000000eefb0000,0x00000000eefb0000,0x00000000ef4f0000)
 ParOldGen       total 86848K, used 1337K [0x00000000c0000000, 0x00000000c54d0000, 0x00000000eaab0000)
  object space 86848K, 1% used [0x00000000c0000000,0x00000000c014e588,0x00000000c54d0000)
 PSPermGen       total 21248K, used 5824K [0x00000000bae00000, 0x00000000bc2c0000, 0x00000000c0000000)
  object space 21248K, 27% used [0x00000000bae00000,0x00000000bb3b03f0,0x00000000bc2c0000)
}

Deoptimization events (5 events):
Event: 3.386 Thread 0x000000000b480000 Uncommon trap -34 fr.pc 0x00000000024f3ec0
Event: 3.529 Thread 0x000000000b47f800 Uncommon trap -34 fr.pc 0x00000000024f3ec0
Event: 3.529 Thread 0x000000000b47f800 Uncommon trap -34 fr.pc 0x00000000024f3ec0
Event: 3.529 Thread 0x000000000b47f800 Uncommon trap -34 fr.pc 0x00000000024f3ec0
Event: 3.533 Thread 0x000000000b480000 Uncommon trap -12 fr.pc 0x00000000024f922c

Internal exceptions (10 events):
Event: 3.003 Thread 0x000000000b4ac800 Threw 0x00000000eaf97a18 at C:\jdk7u1_64p\jdk7u11\hotspot\src\share\vm\prims\jvm.cpp:1166
Event: 3.025 Thread 0x000000000b47f800 Threw 0x00000000eb3fcf80 at C:\jdk7u1_64p\jdk7u11\hotspot\src\share\vm\prims\jvm.cpp:1166
Event: 3.234 Thread 0x000000000b4b5800 Threw 0x00000000eb3861a8 at C:\jdk7u1_64p\jdk7u11\hotspot\src\share\vm\prims\jvm.cpp:1166
Event: 3.533 Thread 0x000000000b480000 Implicit null exception at 0x00000000024f8e98 to 0x00000000024f9219
Event: 5.591 Thread 0x0000000002380800 Threw 0x00000000ec449900 at C:\jdk7u1_64p\jdk7u11\hotspot\src\share\vm\prims\jvm.cpp:1166
Event: 5.593 Thread 0x0000000002380800 Threw 0x00000000ec453998 at C:\jdk7u1_64p\jdk7u11\hotspot\src\share\vm\prims\jvm.cpp:1166
Event: 5.593 Thread 0x0000000002380800 Threw 0x00000000ec455c48 at C:\jdk7u1_64p\jdk7u11\hotspot\src\share\vm\prims\jvm.cpp:1166
Event: 5.713 Thread 0x0000000002380800 Threw 0x00000000ec899800 at C:\jdk7u1_64p\jdk7u11\hotspot\src\share\vm\prims\jvm.cpp:1166
Event: 6.751 Thread 0x000000000b4b5800 Threw 0x00000000eaec8740 at C:\jdk7u1_64p\jdk7u11\hotspot\src\share\vm\prims\jvm.cpp:1166
Event: 6.772 Thread 0x0000000002380800 Threw 0x00000000eaaf5340 at C:\jdk7u1_64p\jdk7u11\hotspot\src\share\vm\prims\jvm.cpp:1166

Events (10 events):
Event: 6.596 Executing VM operation: RevokeBias
Event: 6.596 Executing VM operation: RevokeBias done
Event: 6.596 Executing VM operation: RevokeBias
Event: 6.596 Executing VM operation: RevokeBias done
Event: 6.596 Executing VM operation: BulkRevokeBias
Event: 6.596 Executing VM operation: BulkRevokeBias done
Event: 6.750 loading class 0x000000000b4aaa10
Event: 6.750 loading class 0x000000000b4aaa10 done
Event: 6.772 loading class 0x0000000008d482d0
Event: 6.772 loading class 0x0000000008d482d0 done


Dynamic libraries:
0x00007ff6d7430000 - 0x00007ff6d7463000 	C:\Program Files\Java\jdk1.7.0_11\bin\java.exe
0x00007ffb1fa50000 - 0x00007ffb1fc11000 	C:\WINDOWS\SYSTEM32\ntdll.dll
0x00007ffb1eba0000 - 0x00007ffb1ec4d000 	C:\WINDOWS\system32\KERNEL32.DLL
0x00007ffb1c0e0000 - 0x00007ffb1c2c8000 	C:\WINDOWS\system32\KERNELBASE.dll
0x00007ffb1d320000 - 0x00007ffb1d3c7000 	C:\WINDOWS\system32\ADVAPI32.dll
0x00007ffb1edc0000 - 0x00007ffb1ee5d000 	C:\WINDOWS\system32\msvcrt.dll
0x00007ffb1d0b0000 - 0x00007ffb1d10b000 	C:\WINDOWS\system32\sechost.dll
0x00007ffb1d3d0000 - 0x00007ffb1d4ec000 	C:\WINDOWS\system32\RPCRT4.dll
0x00007ffb1f2f0000 - 0x00007ffb1f446000 	C:\WINDOWS\system32\USER32.dll
0x00007ffb1f540000 - 0x00007ffb1f6c6000 	C:\WINDOWS\system32\GDI32.dll
0x00007ffb10060000 - 0x00007ffb102d4000 	C:\WINDOWS\WinSxS\amd64_microsoft.windows.common-controls_6595b64144ccf1df_6.0.10586.0_none_8c15ae12515e1c22\COMCTL32.dll
0x00007ffb1ce30000 - 0x00007ffb1d0ad000 	C:\WINDOWS\system32\combase.dll
0x00007ffb1cd50000 - 0x00007ffb1cdba000 	C:\WINDOWS\system32\bcryptPrimitives.dll
0x00007ffb1f290000 - 0x00007ffb1f2cb000 	C:\WINDOWS\system32\IMM32.DLL
0x0000000057eb0000 - 0x0000000057f81000 	C:\Program Files\Java\jdk1.7.0_11\jre\bin\msvcr100.dll
0x0000000058330000 - 0x0000000058a4f000 	C:\Program Files\Java\jdk1.7.0_11\jre\bin\server\jvm.dll
0x00007ffb1ec60000 - 0x00007ffb1ec68000 	C:\WINDOWS\system32\PSAPI.DLL
0x00007ffb11710000 - 0x00007ffb11719000 	C:\WINDOWS\SYSTEM32\WSOCK32.dll
0x00007ffb1f450000 - 0x00007ffb1f4bb000 	C:\WINDOWS\system32\WS2_32.dll
0x00007ffb1a3a0000 - 0x00007ffb1a3c3000 	C:\WINDOWS\SYSTEM32\WINMM.dll
0x00007ffb1a310000 - 0x00007ffb1a33c000 	C:\WINDOWS\SYSTEM32\WINMMBASE.dll
0x00007ffb1cde0000 - 0x00007ffb1ce23000 	C:\WINDOWS\system32\cfgmgr32.dll
0x0000000058320000 - 0x000000005832f000 	C:\Program Files\Java\jdk1.7.0_11\jre\bin\verify.dll
0x00000000582f0000 - 0x0000000058318000 	C:\Program Files\Java\jdk1.7.0_11\jre\bin\java.dll
0x00000000582d0000 - 0x00000000582e5000 	C:\Program Files\Java\jdk1.7.0_11\jre\bin\zip.dll
0x00000000582b0000 - 0x00000000582c9000 	C:\Program Files\Java\jdk1.7.0_11\jre\bin\net.dll
0x00007ffb1b920000 - 0x00007ffb1b97c000 	C:\WINDOWS\system32\mswsock.dll
0x0000000058290000 - 0x00000000582a1000 	C:\Program Files\Java\jdk1.7.0_11\jre\bin\nio.dll

VM Arguments:
jvm_args: -Djava.awt.headless=true -Xmx1024M -Dfile.encoding=windows-1252 -Duser.country=US -Duser.language=en -Duser.variant 
java_command: com.android.dx.command.Main --dex --num-threads=4 --output C:\Users\hp\Google Drive\Grameen\FOT-Josh\app\build\intermediates\pre-dexed\debug\junit-4.4_90b368b39cc4d197aeee2eab869213a3a89ad902.jar C:\Users\hp\Google Drive\Grameen\FOT-Josh\app\libs\junit-4.4.jar
Launcher Type: SUN_STANDARD

Environment Variables:
JAVA_HOME=C:\Program Files\Java\jdk1.7.0_11
PATH=C:\Program Files (x86)\NVIDIA Corporation\PhysX\Common;C:\ProgramData\Oracle\Java\javapath;C:\Program Files (x86)\HP SimplePass 2012\x64;C:\Program Files (x86)\HP SimplePass 2012\;;C:\Program Files\Common Files\Microsoft Shared\Windows Live;C:\Program Files (x86)\Common Files\Microsoft Shared\Windows Live;C:\WINDOWS\system32;C:\WINDOWS;C:\WINDOWS\System32\Wbem;C:\WINDOWS\System32\WindowsPowerShell\v1.0\;C:\Program Files (x86)\Common Files\Roxio Shared\DLLShared\;C:\Program Files (x86)\Common Files\Roxio Shared\12.0\DLLShared\;C:\Program Files (x86)\Windows Live\Shared;C:\Program Files\Intel\WiFi\bin\;C:\Program Files\Common Files\Intel\WirelessCommon\;C:\Program Files (x86)\Intel\Services\IPT\;c:\Program Files (x86)\Microsoft SQL Server\90\Tools\binn\;C:\Program Files (x86)\SMLNJ\bin\;C:\Program Files\Microsoft\Web Platform Installer\;C:\Program Files (x86)\Microsoft ASP.NET\ASP.NET Web Pages\v1.0\;C:\Program Files\Microsoft SQL Server\110\Tools\Binn\;C:\Program Files\TortoiseSVN\bin;C:\Program Files (x86)\QuickTime\QTSystem\;C:\Program Files (x86)\Windows Kits\8.1\Windows Performance Toolkit\;C:\Program Files\Microsoft SQL Server\120\DTS\Binn\;C:\Program Files\Microsoft SQL Server\Client SDK\ODBC\110\Tools\Binn\;C:\Program Files (x86)\Microsoft SQL Server\120\Tools\Binn\;C:\Program Files\Microsoft SQL Server\120\Tools\Binn\;C:\Program Files (x86)\Microsoft SQL Server\120\Tools\Binn\ManagementStudio\;C:\Program Files (x86)\Microsoft SQL Server\120\DTS\Binn\;C:\Program Files (x86)\Common Files\lenovo\easyplussdk\bin;C:\Program Files (x86)\Skype\Phone\;C:\Program Files\Microsoft SQL Server\110\DTS\Binn\;C:\Program Files (x86)\Microsoft SQL Server\110\Tools\Binn\;C:\Program Files (x86)\Microsoft SQL Server\110\Tools\Binn\ManagementStudio\;C:\Program Files (x86)\Microsoft Visual Studio 10.0\Common7\IDE\PrivateAssemblies\;C:\Program Files (x86)\Microsoft SQL Server\110\DTS\Binn\;C:\Program Files\Java\jdk1.7.0_11\bin
USERNAME=hp
OS=Windows_NT
PROCESSOR_IDENTIFIER=Intel64 Family 6 Model 42 Stepping 7, GenuineIntel



---------------  S Y S T E M  ---------------

OS: Windows 8 , 64 bit Build 9200 

CPU:total 8 (4 cores per cpu, 2 threads per core) family 6 model 42 stepping 7, cmov, cx8, fxsr, mmx, sse, sse2, sse3, ssse3, sse4.1, sse4.2, popcnt, avx, ht, tsc, tscinvbit

Memory: 4k page, physical 8335212k(2135308k free), swap 10542560k(160k free)

vm_info: Java HotSpot(TM) 64-Bit Server VM (23.6-b04) for windows-amd64 JRE (1.7.0_11-b21), built on Jan 12 2013 02:38:42 by "java_re" with unknown MS VC++:1600

time: Mon Mar 07 12:35:30 2016
elapsed time: 9 seconds

