#
# There is insufficient memory for the Java Runtime Environment to continue.
# Native memory allocation (malloc) failed to allocate 131088 bytes for Chunk::new
# Possible reasons:
#   The system is out of physical RAM or swap space
#   In 32 bit mode, the process size limit was hit
# Possible solutions:
#   Reduce memory load on the system
#   Increase physical memory or swap space
#   Check if swap backing store is full
#   Use 64 bit Java on a 64 bit OS
#   Decrease Java heap size (-Xmx/-Xms)
#   Decrease number of Java threads
#   Decrease Java thread stack sizes (-Xss)
#   Set larger code cache with -XX:ReservedCodeCacheSize=
# This output file may be truncated or incomplete.
#
#  Out of Memory Error (allocation.cpp:328), pid=8688, tid=2096
#
# JRE version: 7.0_11-b21
# Java VM: Java HotSpot(TM) 64-Bit Server VM (23.6-b04 mixed mode windows-amd64 compressed oops)
# Failed to write core dump. Minidumps are not enabled by default on client versions of Windows
#

---------------  T H R E A D  ---------------

Current thread (0x0000000008d00000):  JavaThread "C2 CompilerThread1" daemon [_thread_in_native, id=2096, stack(0x000000000aff0000,0x000000000b0f0000)]

Stack: [0x000000000aff0000,0x000000000b0f0000]

Current CompileTask:
C2:  10863  267   !         com.android.dx.cf.code.Ropper::processBlock (1101 bytes)


---------------  P R O C E S S  ---------------

Java Threads: ( => current thread )
  0x0000000008d02800 JavaThread "Service Thread" daemon [_thread_blocked, id=16492, stack(0x000000000b0f0000,0x000000000b1f0000)]
=>0x0000000008d00000 JavaThread "C2 CompilerThread1" daemon [_thread_in_native, id=2096, stack(0x000000000aff0000,0x000000000b0f0000)]
  0x0000000008cfa800 JavaThread "C2 CompilerThread0" daemon [_thread_in_native, id=12140, stack(0x000000000aef0000,0x000000000aff0000)]
  0x0000000008cf9800 JavaThread "Attach Listener" daemon [_thread_blocked, id=1664, stack(0x000000000adf0000,0x000000000aef0000)]
  0x0000000008cf4800 JavaThread "Signal Dispatcher" daemon [_thread_blocked, id=6024, stack(0x000000000acf0000,0x000000000adf0000)]
  0x0000000008c8a800 JavaThread "Finalizer" daemon [_thread_blocked, id=11140, stack(0x000000000abf0000,0x000000000acf0000)]
  0x0000000008c89800 JavaThread "Reference Handler" daemon [_thread_blocked, id=3412, stack(0x000000000aaf0000,0x000000000abf0000)]
  0x00000000022a0800 JavaThread "main" [_thread_in_Java, id=9996, stack(0x00000000021a0000,0x00000000022a0000)]

Other Threads:
  0x0000000008c84800 VMThread [stack: 0x000000000a9f0000,0x000000000aaf0000] [id=5600]
  0x0000000008d05800 WatcherThread [stack: 0x000000000b1f0000,0x000000000b2f0000] [id=11456]

VM state:not at safepoint (normal execution)

VM Mutex/Monitor currently owned by a thread: None

Heap
 PSYoungGen      total 38016K, used 13068K [0x00000000eaab0000, 0x00000000ef4f0000, 0x0000000100000000)
  eden space 32640K, 23% used [0x00000000eaab0000,0x00000000eb236000,0x00000000eca90000)
  from space 5376K, 99% used [0x00000000eca90000,0x00000000ecfcd208,0x00000000ecfd0000)
  to   space 5376K, 0% used [0x00000000eefb0000,0x00000000eefb0000,0x00000000ef4f0000)
 ParOldGen       total 86848K, used 1132K [0x00000000c0000000, 0x00000000c54d0000, 0x00000000eaab0000)
  object space 86848K, 1% used [0x00000000c0000000,0x00000000c011b3f8,0x00000000c54d0000)
 PSPermGen       total 21248K, used 5885K [0x00000000bae00000, 0x00000000bc2c0000, 0x00000000c0000000)
  object space 21248K, 27% used [0x00000000bae00000,0x00000000bb3bf620,0x00000000bc2c0000)

Card table byte_map: [0x0000000005460000,0x0000000005690000] byte_map_base: 0x0000000004e89000

Polling page: 0x00000000008f0000

Code Cache  [0x00000000023a0000, 0x0000000002610000, 0x00000000053a0000)
 total_blobs=502 nmethods=267 adapters=186 free_code_cache=47984Kb largest_free_block=49102208

Compilation events (10 events):
Event: 6.773 Thread 0x0000000008d00000 nmethod 265 0x0000000002491390 code [0x00000000024914c0, 0x0000000002491518]
Event: 6.778 Thread 0x0000000008d00000  266             com.android.dx.ssa.SsaBasicBlock::getParent (5 bytes)
Event: 6.778 Thread 0x0000000008d00000 nmethod 266 0x00000000024b1fd0 code [0x00000000024b2100, 0x00000000024b2158]
Event: 6.787 Thread 0x0000000008d00000  267   !         com.android.dx.cf.code.Ropper::processBlock (1101 bytes)
Event: 6.801 Thread 0x0000000008cfa800 nmethod 263 0x00000000024c8d10 code [0x00000000024c8ee0, 0x00000000024c9ca8]
Event: 6.801 Thread 0x0000000008cfa800  268             com.android.dx.ssa.SsaMethod$2::visitNonMoveInsn (6 bytes)
Event: 6.801 Thread 0x0000000008cfa800 nmethod 268 0x00000000024afd50 code [0x00000000024afea0, 0x00000000024aff08]
Event: 6.801 Thread 0x0000000008cfa800  269             com.android.dx.cf.code.Ropper::addExceptionSetupBlocks (203 bytes)
Event: 6.824 Thread 0x0000000008cfa800 nmethod 269 0x00000000024ca6d0 code [0x00000000024ca920, 0x00000000024cb2a0]
Event: 6.824 Thread 0x0000000008cfa800  270             com.android.dx.dex.code.RopTranslator::pickOrder (400 bytes)

GC Heap History (2 events):
Event: 5.353 GC heap before
{Heap before GC invocations=1 (full 0):
 PSYoungGen      total 38016K, used 32640K [0x00000000eaab0000, 0x00000000ed510000, 0x0000000100000000)
  eden space 32640K, 100% used [0x00000000eaab0000,0x00000000eca90000,0x00000000eca90000)
  from space 5376K, 0% used [0x00000000ecfd0000,0x00000000ecfd0000,0x00000000ed510000)
  to   space 5376K, 0% used [0x00000000eca90000,0x00000000eca90000,0x00000000ecfd0000)
 ParOldGen       total 86848K, used 0K [0x00000000c0000000, 0x00000000c54d0000, 0x00000000eaab0000)
  object space 86848K, 0% used [0x00000000c0000000,0x00000000c0000000,0x00000000c54d0000)
 PSPermGen       total 21248K, used 5836K [0x00000000bae00000, 0x00000000bc2c0000, 0x00000000c0000000)
  object space 21248K, 27% used [0x00000000bae00000,0x00000000bb3b3050,0x00000000bc2c0000)
Event: 5.837 GC heap after
Heap after GC invocations=1 (full 0):
 PSYoungGen      total 38016K, used 5364K [0x00000000eaab0000, 0x00000000ef4f0000, 0x0000000100000000)
  eden space 32640K, 0% used [0x00000000eaab0000,0x00000000eaab0000,0x00000000eca90000)
  from space 5376K, 99% used [0x00000000eca90000,0x00000000ecfcd208,0x00000000ecfd0000)
  to   space 5376K, 0% used [0x00000000eefb0000,0x00000000eefb0000,0x00000000ef4f0000)
 ParOldGen       total 86848K, used 1132K [0x00000000c0000000, 0x00000000c54d0000, 0x00000000eaab0000)
  object space 86848K, 1% used [0x00000000c0000000,0x00000000c011b3f8,0x00000000c54d0000)
 PSPermGen       total 21248K, used 5836K [0x00000000bae00000, 0x00000000bc2c0000, 0x00000000c0000000)
  object space 21248K, 27% used [0x00000000bae00000,0x00000000bb3b3050,0x00000000bc2c0000)
}

Deoptimization events (10 events):
Event: 3.382 Thread 0x000000000b44d800 Uncommon trap -12 fr.pc 0x000000000242c5cc
Event: 4.016 Thread 0x000000000b536800 Uncommon trap -12 fr.pc 0x0000000002452eac
Event: 5.088 Thread 0x000000000b536800 Uncommon trap -83 fr.pc 0x000000000243b744
Event: 6.769 Thread 0x00000000022a0800 Uncommon trap -12 fr.pc 0x00000000024a808c
Event: 6.771 Thread 0x00000000022a0800 Uncommon trap -58 fr.pc 0x00000000024c578c
Event: 6.771 Thread 0x00000000022a0800 Uncommon trap -58 fr.pc 0x00000000024c578c
Event: 6.771 Thread 0x00000000022a0800 Uncommon trap -58 fr.pc 0x00000000024c578c
Event: 6.776 Thread 0x00000000022a0800 Uncommon trap -58 fr.pc 0x00000000024c578c
Event: 7.861 Thread 0x00000000022a0800 Uncommon trap -34 fr.pc 0x000000000243658c
Event: 8.861 Thread 0x00000000022a0800 Uncommon trap -34 fr.pc 0x000000000243658c

Internal exceptions (10 events):
Event: 2.919 Thread 0x000000000b537800 Threw 0x00000000eb650798 at C:\jdk7u1_64p\jdk7u11\hotspot\src\share\vm\prims\jvm.cpp:1166
Event: 2.920 Thread 0x000000000b537800 Threw 0x00000000eb659008 at C:\jdk7u1_64p\jdk7u11\hotspot\src\share\vm\prims\jvm.cpp:1166
Event: 2.921 Thread 0x000000000b537800 Threw 0x00000000eb65e400 at C:\jdk7u1_64p\jdk7u11\hotspot\src\share\vm\prims\jvm.cpp:1166
Event: 2.922 Thread 0x000000000b537800 Threw 0x00000000eb6611b0 at C:\jdk7u1_64p\jdk7u11\hotspot\src\share\vm\prims\jvm.cpp:1166
Event: 2.933 Thread 0x000000000b537800 Threw 0x00000000eb67ef50 at C:\jdk7u1_64p\jdk7u11\hotspot\src\share\vm\prims\jvm.cpp:1166
Event: 3.009 Thread 0x000000000b44d800 Threw 0x00000000eb55ac28 at C:\jdk7u1_64p\jdk7u11\hotspot\src\share\vm\prims\jvm.cpp:1166
Event: 3.294 Thread 0x000000000b536800 Threw 0x00000000eb76db00 at C:\jdk7u1_64p\jdk7u11\hotspot\src\share\vm\prims\jvm.cpp:1166
Event: 3.382 Thread 0x000000000b44d800 Implicit null exception at 0x000000000242c268 to 0x000000000242c5b9
Event: 4.016 Thread 0x000000000b536800 Implicit null exception at 0x0000000002451d96 to 0x0000000002452e81
Event: 6.769 Thread 0x00000000022a0800 Implicit null exception at 0x00000000024a6179 to 0x00000000024a8081

Events (10 events):
Event: 7.856 loading class 0x000000000b3013a0 done
Event: 7.856 loading class 0x000000000b508e40 done
Event: 7.856 loading class 0x000000000b301160 done
Event: 7.856 loading class 0x000000000b334290
Event: 7.856 loading class 0x000000000b334290 done
Event: 7.857 loading class 0x0000000008cb3810
Event: 7.857 loading class 0x0000000008cb3810 done
Event: 7.861 Thread 0x00000000022a0800 DEOPT PACKING pc=0x000000000243658c sp=0x000000000229f420
Event: 8.858 Thread 0x00000000022a0800 DEOPT UNPACKING pc=0x00000000023d9164 sp=0x000000000229f3c8 mode 2
Event: 8.861 Thread 0x00000000022a0800 DEOPT PACKING pc=0x000000000243658c sp=0x000000000229f420


Dynamic libraries:
0x00007ff6d7430000 - 0x00007ff6d7463000 	C:\Program Files\Java\jdk1.7.0_11\bin\java.exe
0x00007ffb1fa50000 - 0x00007ffb1fc11000 	C:\WINDOWS\SYSTEM32\ntdll.dll
0x00007ffb1eba0000 - 0x00007ffb1ec4d000 	C:\WINDOWS\system32\KERNEL32.DLL
0x00007ffb1c0e0000 - 0x00007ffb1c2c8000 	C:\WINDOWS\system32\KERNELBASE.dll
0x00007ffb1d320000 - 0x00007ffb1d3c7000 	C:\WINDOWS\system32\ADVAPI32.dll
0x00007ffb1edc0000 - 0x00007ffb1ee5d000 	C:\WINDOWS\system32\msvcrt.dll
0x00007ffb1d0b0000 - 0x00007ffb1d10b000 	C:\WINDOWS\system32\sechost.dll
0x00007ffb1d3d0000 - 0x00007ffb1d4ec000 	C:\WINDOWS\system32\RPCRT4.dll
0x00007ffb1f2f0000 - 0x00007ffb1f446000 	C:\WINDOWS\system32\USER32.dll
0x00007ffb1f540000 - 0x00007ffb1f6c6000 	C:\WINDOWS\system32\GDI32.dll
0x00007ffb10060000 - 0x00007ffb102d4000 	C:\WINDOWS\WinSxS\amd64_microsoft.windows.common-controls_6595b64144ccf1df_6.0.10586.0_none_8c15ae12515e1c22\COMCTL32.dll
0x00007ffb1ce30000 - 0x00007ffb1d0ad000 	C:\WINDOWS\system32\combase.dll
0x00007ffb1cd50000 - 0x00007ffb1cdba000 	C:\WINDOWS\system32\bcryptPrimitives.dll
0x00007ffb1f290000 - 0x00007ffb1f2cb000 	C:\WINDOWS\system32\IMM32.DLL
0x0000000057eb0000 - 0x0000000057f81000 	C:\Program Files\Java\jdk1.7.0_11\jre\bin\msvcr100.dll
0x0000000058330000 - 0x0000000058a4f000 	C:\Program Files\Java\jdk1.7.0_11\jre\bin\server\jvm.dll
0x00007ffb1ec60000 - 0x00007ffb1ec68000 	C:\WINDOWS\system32\PSAPI.DLL
0x00007ffb11710000 - 0x00007ffb11719000 	C:\WINDOWS\SYSTEM32\WSOCK32.dll
0x00007ffb1f450000 - 0x00007ffb1f4bb000 	C:\WINDOWS\system32\WS2_32.dll
0x00007ffb1a3a0000 - 0x00007ffb1a3c3000 	C:\WINDOWS\SYSTEM32\WINMM.dll
0x00007ffb1a310000 - 0x00007ffb1a33c000 	C:\WINDOWS\SYSTEM32\WINMMBASE.dll
0x00007ffb1cde0000 - 0x00007ffb1ce23000 	C:\WINDOWS\system32\cfgmgr32.dll
0x0000000058320000 - 0x000000005832f000 	C:\Program Files\Java\jdk1.7.0_11\jre\bin\verify.dll
0x00000000582f0000 - 0x0000000058318000 	C:\Program Files\Java\jdk1.7.0_11\jre\bin\java.dll
0x00000000582d0000 - 0x00000000582e5000 	C:\Program Files\Java\jdk1.7.0_11\jre\bin\zip.dll
0x00000000582b0000 - 0x00000000582c9000 	C:\Program Files\Java\jdk1.7.0_11\jre\bin\net.dll
0x00007ffb1b920000 - 0x00007ffb1b97c000 	C:\WINDOWS\system32\mswsock.dll
0x0000000058290000 - 0x00000000582a1000 	C:\Program Files\Java\jdk1.7.0_11\jre\bin\nio.dll

VM Arguments:
jvm_args: -Djava.awt.headless=true -Xmx1024M -Dfile.encoding=windows-1252 -Duser.country=US -Duser.language=en -Duser.variant 
java_command: com.android.dx.command.Main --dex --num-threads=4 --output C:\Users\hp\Google Drive\Grameen\FOT-Josh\app\build\intermediates\pre-dexed\debug\ormlite-android-4.48_75ab2120e5fc721973b2f1a6a6b34a7d275d5bab.jar C:\Users\hp\Google Drive\Grameen\FOT-Josh\app\libs\ormlite-android-4.48.jar
Launcher Type: SUN_STANDARD

Environment Variables:
JAVA_HOME=C:\Program Files\Java\jdk1.7.0_11
PATH=C:\Program Files (x86)\NVIDIA Corporation\PhysX\Common;C:\ProgramData\Oracle\Java\javapath;C:\Program Files (x86)\HP SimplePass 2012\x64;C:\Program Files (x86)\HP SimplePass 2012\;;C:\Program Files\Common Files\Microsoft Shared\Windows Live;C:\Program Files (x86)\Common Files\Microsoft Shared\Windows Live;C:\WINDOWS\system32;C:\WINDOWS;C:\WINDOWS\System32\Wbem;C:\WINDOWS\System32\WindowsPowerShell\v1.0\;C:\Program Files (x86)\Common Files\Roxio Shared\DLLShared\;C:\Program Files (x86)\Common Files\Roxio Shared\12.0\DLLShared\;C:\Program Files (x86)\Windows Live\Shared;C:\Program Files\Intel\WiFi\bin\;C:\Program Files\Common Files\Intel\WirelessCommon\;C:\Program Files (x86)\Intel\Services\IPT\;c:\Program Files (x86)\Microsoft SQL Server\90\Tools\binn\;C:\Program Files (x86)\SMLNJ\bin\;C:\Program Files\Microsoft\Web Platform Installer\;C:\Program Files (x86)\Microsoft ASP.NET\ASP.NET Web Pages\v1.0\;C:\Program Files\Microsoft SQL Server\110\Tools\Binn\;C:\Program Files\TortoiseSVN\bin;C:\Program Files (x86)\QuickTime\QTSystem\;C:\Program Files (x86)\Windows Kits\8.1\Windows Performance Toolkit\;C:\Program Files\Microsoft SQL Server\120\DTS\Binn\;C:\Program Files\Microsoft SQL Server\Client SDK\ODBC\110\Tools\Binn\;C:\Program Files (x86)\Microsoft SQL Server\120\Tools\Binn\;C:\Program Files\Microsoft SQL Server\120\Tools\Binn\;C:\Program Files (x86)\Microsoft SQL Server\120\Tools\Binn\ManagementStudio\;C:\Program Files (x86)\Microsoft SQL Server\120\DTS\Binn\;C:\Program Files (x86)\Common Files\lenovo\easyplussdk\bin;C:\Program Files (x86)\Skype\Phone\;C:\Program Files\Microsoft SQL Server\110\DTS\Binn\;C:\Program Files (x86)\Microsoft SQL Server\110\Tools\Binn\;C:\Program Files (x86)\Microsoft SQL Server\110\Tools\Binn\ManagementStudio\;C:\Program Files (x86)\Microsoft Visual Studio 10.0\Common7\IDE\PrivateAssemblies\;C:\Program Files (x86)\Microsoft SQL Server\110\DTS\Binn\;C:\Program Files\Java\jdk1.7.0_11\bin
USERNAME=hp
OS=Windows_NT
PROCESSOR_IDENTIFIER=Intel64 Family 6 Model 42 Stepping 7, GenuineIntel



---------------  S Y S T E M  ---------------

OS: Windows 8 , 64 bit Build 9200 

CPU:total 8 (4 cores per cpu, 2 threads per core) family 6 model 42 stepping 7, cmov, cx8, fxsr, mmx, sse, sse2, sse3, ssse3, sse4.1, sse4.2, popcnt, avx, ht, tsc, tscinvbit

Memory: 4k page, physical 8335212k(2169908k free), swap 10542560k(288720k free)

vm_info: Java HotSpot(TM) 64-Bit Server VM (23.6-b04) for windows-amd64 JRE (1.7.0_11-b21), built on Jan 12 2013 02:38:42 by "java_re" with unknown MS VC++:1600

time: Mon Mar 07 12:35:31 2016
elapsed time: 10 seconds

