#
# There is insufficient memory for the Java Runtime Environment to continue.
# Native memory allocation (malloc) failed to allocate 497376 bytes for Chunk::new
# Possible reasons:
#   The system is out of physical RAM or swap space
#   In 32 bit mode, the process size limit was hit
# Possible solutions:
#   Reduce memory load on the system
#   Increase physical memory or swap space
#   Check if swap backing store is full
#   Use 64 bit Java on a 64 bit OS
#   Decrease Java heap size (-Xmx/-Xms)
#   Decrease number of Java threads
#   Decrease Java thread stack sizes (-Xss)
#   Set larger code cache with -XX:ReservedCodeCacheSize=
# This output file may be truncated or incomplete.
#
#  Out of Memory Error (allocation.cpp:328), pid=1116, tid=15940
#
# JRE version: 7.0_11-b21
# Java VM: Java HotSpot(TM) 64-Bit Server VM (23.6-b04 mixed mode windows-amd64 compressed oops)
# Failed to write core dump. Minidumps are not enabled by default on client versions of Windows
#

---------------  T H R E A D  ---------------

Current thread (0x0000000008b9c000):  JavaThread "C2 CompilerThread1" daemon [_thread_in_native, id=15940, stack(0x000000000ae90000,0x000000000af90000)]

Stack: [0x000000000ae90000,0x000000000af90000]

Current CompileTask:
C2:  10925  172             com.android.dx.ssa.SsaConverter::placePhiFunctions (394 bytes)


---------------  P R O C E S S  ---------------

Java Threads: ( => current thread )
  0x000000000b27f000 JavaThread "pool-1-thread-4" [_thread_blocked, id=6948, stack(0x000000000b990000,0x000000000ba90000)]
  0x000000000b27e800 JavaThread "pool-1-thread-3" [_thread_blocked, id=9432, stack(0x000000000b890000,0x000000000b990000)]
  0x000000000b234000 JavaThread "pool-1-thread-2" [_thread_in_vm, id=17088, stack(0x000000000b790000,0x000000000b890000)]
  0x000000000b233000 JavaThread "pool-2-thread-1" [_thread_blocked, id=11440, stack(0x000000000b690000,0x000000000b790000)]
  0x000000000b330800 JavaThread "pool-1-thread-1" [_thread_blocked, id=12408, stack(0x000000000b590000,0x000000000b690000)]
  0x0000000008ba1000 JavaThread "Service Thread" daemon [_thread_blocked, id=2564, stack(0x000000000af90000,0x000000000b090000)]
=>0x0000000008b9c000 JavaThread "C2 CompilerThread1" daemon [_thread_in_native, id=15940, stack(0x000000000ae90000,0x000000000af90000)]
  0x0000000008b9a000 JavaThread "C2 CompilerThread0" daemon [_thread_blocked, id=9624, stack(0x000000000ad90000,0x000000000ae90000)]
  0x0000000008b99000 JavaThread "Attach Listener" daemon [_thread_blocked, id=32, stack(0x000000000ac90000,0x000000000ad90000)]
  0x0000000008b94000 JavaThread "Signal Dispatcher" daemon [_thread_blocked, id=6744, stack(0x000000000ab90000,0x000000000ac90000)]
  0x0000000008b30000 JavaThread "Finalizer" daemon [_thread_blocked, id=8420, stack(0x000000000aa90000,0x000000000ab90000)]
  0x0000000008b28800 JavaThread "Reference Handler" daemon [_thread_blocked, id=8608, stack(0x000000000a990000,0x000000000aa90000)]
  0x0000000002200800 JavaThread "main" [_thread_blocked, id=12092, stack(0x0000000002000000,0x0000000002100000)]

Other Threads:
  0x0000000008b23800 VMThread [stack: 0x000000000a890000,0x000000000a990000] [id=8548]
  0x0000000008bbb800 WatcherThread [stack: 0x000000000b090000,0x000000000b190000] [id=6076]

VM state:synchronizing (normal execution)

VM Mutex/Monitor currently owned by a thread:  ([mutex/lock_event])
[0x00000000021fbe50] Threads_lock - owner thread: 0x0000000008b23800
[0x00000000021fb9d0] CompileTaskAlloc_lock - owner thread: 0x000000000b234000
[0x00000000021fdc60] MethodCompileQueue_lock - owner thread: 0x000000000b234000

Heap
 PSYoungGen      total 38016K, used 27461K [0x00000000eaab0000, 0x00000000ed510000, 0x0000000100000000)
  eden space 32640K, 84% used [0x00000000eaab0000,0x00000000ec581510,0x00000000eca90000)
  from space 5376K, 0% used [0x00000000ecfd0000,0x00000000ecfd0000,0x00000000ed510000)
  to   space 5376K, 0% used [0x00000000eca90000,0x00000000eca90000,0x00000000ecfd0000)
 ParOldGen       total 86848K, used 0K [0x00000000c0000000, 0x00000000c54d0000, 0x00000000eaab0000)
  object space 86848K, 0% used [0x00000000c0000000,0x00000000c0000000,0x00000000c54d0000)
 PSPermGen       total 21248K, used 5314K [0x00000000bae00000, 0x00000000bc2c0000, 0x00000000c0000000)
  object space 21248K, 25% used [0x00000000bae00000,0x00000000bb330a78,0x00000000bc2c0000)

Card table byte_map: [0x0000000005300000,0x0000000005530000] byte_map_base: 0x0000000004d29000

Polling page: 0x0000000000540000

Code Cache  [0x0000000002300000, 0x0000000002570000, 0x0000000005300000)
 total_blobs=384 nmethods=171 adapters=164 free_code_cache=48496Kb largest_free_block=49630464

Compilation events (10 events):
Event: 6.745 Thread 0x0000000008b9a000 nmethod 167 0x00000000023a95d0 code [0x00000000023a97a0, 0x00000000023aa468]
Event: 6.746 Thread 0x0000000008b9c000 nmethod 168 0x000000000239c890 code [0x000000000239c9e0, 0x000000000239cdf8]
Event: 6.746 Thread 0x0000000008b9a000  169             java.util.HashMap::put (124 bytes)
Event: 6.757 Thread 0x0000000008b9a000 nmethod 169 0x00000000023a8890 code [0x00000000023a8a40, 0x00000000023a8fb0]
Event: 6.764 Thread 0x0000000008b9c000  170             java.util.BitSet::or (105 bytes)
Event: 6.771 Thread 0x0000000008b9a000  171             com.android.dx.util.Bits::or (24 bytes)
Event: 6.773 Thread 0x0000000008b9c000 nmethod 170 0x00000000023a03d0 code [0x00000000023a0520, 0x00000000023a08b8]
Event: 6.774 Thread 0x0000000008b9a000 nmethod 171 0x00000000023a3e50 code [0x00000000023a3f80, 0x00000000023a4098]
Event: 6.875 Thread 0x0000000008b9c000  172             com.android.dx.ssa.SsaConverter::placePhiFunctions (394 bytes)
Event: 6.876 Thread 0x0000000008b9a000  173             com.android.dx.ssa.SCCP::run (298 bytes)

GC Heap History (0 events):
No events

Deoptimization events (6 events):
Event: 5.003 Thread 0x000000000b27e800 Uncommon trap -34 fr.pc 0x00000000023723b4
Event: 5.003 Thread 0x000000000b27e800 Uncommon trap -34 fr.pc 0x00000000023723b4
Event: 5.003 Thread 0x000000000b27e800 Uncommon trap -34 fr.pc 0x00000000023723b4
Event: 5.005 Thread 0x000000000b27e800 Uncommon trap -34 fr.pc 0x00000000023723b4
Event: 6.033 Thread 0x000000000b27e800 Uncommon trap -12 fr.pc 0x0000000002387ecc
Event: 6.380 Thread 0x000000000b330800 Uncommon trap -122 fr.pc 0x0000000002391c64

Internal exceptions (10 events):
Event: 3.093 Thread 0x0000000002200800 Threw 0x00000000eb1b70a0 at C:\jdk7u1_64p\jdk7u11\hotspot\src\share\vm\prims\jvm.cpp:1166
Event: 3.105 Thread 0x000000000b330800 Threw 0x00000000eb39aff0 at C:\jdk7u1_64p\jdk7u11\hotspot\src\share\vm\prims\jvm.cpp:1166
Event: 3.107 Thread 0x0000000002200800 Threw 0x00000000eb3c3748 at C:\jdk7u1_64p\jdk7u11\hotspot\src\share\vm\prims\jvm.cpp:1166
Event: 3.241 Thread 0x0000000002200800 Threw 0x00000000eb3d6a38 at C:\jdk7u1_64p\jdk7u11\hotspot\src\share\vm\prims\jvm.cpp:1166
Event: 3.276 Thread 0x0000000002200800 Threw 0x00000000eb4101a8 at C:\jdk7u1_64p\jdk7u11\hotspot\src\share\vm\prims\jvm.cpp:1166
Event: 4.832 Thread 0x0000000002200800 Threw 0x00000000eb5bf8b8 at C:\jdk7u1_64p\jdk7u11\hotspot\src\share\vm\prims\jvm.cpp:1166
Event: 4.834 Thread 0x0000000002200800 Threw 0x00000000eb5c99e8 at C:\jdk7u1_64p\jdk7u11\hotspot\src\share\vm\prims\jvm.cpp:1166
Event: 4.834 Thread 0x0000000002200800 Threw 0x00000000eb5cbd98 at C:\jdk7u1_64p\jdk7u11\hotspot\src\share\vm\prims\jvm.cpp:1166
Event: 5.132 Thread 0x0000000002200800 Threw 0x00000000eb61d698 at C:\jdk7u1_64p\jdk7u11\hotspot\src\share\vm\prims\jvm.cpp:1166
Event: 6.033 Thread 0x000000000b27e800 Implicit null exception at 0x0000000002387b68 to 0x0000000002387eb9

Events (10 events):
Event: 5.005 Thread 0x000000000b27e800 DEOPT PACKING pc=0x00000000023723b4 sp=0x000000000b98ec80
Event: 5.005 Thread 0x000000000b27e800 DEOPT UNPACKING pc=0x0000000002339164 sp=0x000000000b98ebd0 mode 2
Event: 5.132 loading class 0x000000000b191df0
Event: 5.132 loading class 0x000000000b191df0 done
Event: 5.815 loading class 0x00000000089f5400
Event: 5.815 loading class 0x00000000089f5400 done
Event: 6.033 Thread 0x000000000b27e800 DEOPT PACKING pc=0x0000000002387ecc sp=0x000000000b98eab0
Event: 6.033 Thread 0x000000000b27e800 DEOPT UNPACKING pc=0x0000000002339164 sp=0x000000000b98e9f0 mode 2
Event: 6.380 Thread 0x000000000b330800 DEOPT PACKING pc=0x0000000002391c64 sp=0x000000000b68e840
Event: 6.380 Thread 0x000000000b330800 DEOPT UNPACKING pc=0x0000000002339164 sp=0x000000000b68e808 mode 2


Dynamic libraries:
0x00007ff6d7430000 - 0x00007ff6d7463000 	C:\Program Files\Java\jdk1.7.0_11\bin\java.exe
0x00007ffb1fa50000 - 0x00007ffb1fc11000 	C:\WINDOWS\SYSTEM32\ntdll.dll
0x00007ffb1eba0000 - 0x00007ffb1ec4d000 	C:\WINDOWS\system32\KERNEL32.DLL
0x00007ffb1c0e0000 - 0x00007ffb1c2c8000 	C:\WINDOWS\system32\KERNELBASE.dll
0x00007ffb1d320000 - 0x00007ffb1d3c7000 	C:\WINDOWS\system32\ADVAPI32.dll
0x00007ffb1edc0000 - 0x00007ffb1ee5d000 	C:\WINDOWS\system32\msvcrt.dll
0x00007ffb1d0b0000 - 0x00007ffb1d10b000 	C:\WINDOWS\system32\sechost.dll
0x00007ffb1d3d0000 - 0x00007ffb1d4ec000 	C:\WINDOWS\system32\RPCRT4.dll
0x00007ffb1f2f0000 - 0x00007ffb1f446000 	C:\WINDOWS\system32\USER32.dll
0x00007ffb1f540000 - 0x00007ffb1f6c6000 	C:\WINDOWS\system32\GDI32.dll
0x00007ffb10060000 - 0x00007ffb102d4000 	C:\WINDOWS\WinSxS\amd64_microsoft.windows.common-controls_6595b64144ccf1df_6.0.10586.0_none_8c15ae12515e1c22\COMCTL32.dll
0x00007ffb1ce30000 - 0x00007ffb1d0ad000 	C:\WINDOWS\system32\combase.dll
0x00007ffb1cd50000 - 0x00007ffb1cdba000 	C:\WINDOWS\system32\bcryptPrimitives.dll
0x00007ffb1f290000 - 0x00007ffb1f2cb000 	C:\WINDOWS\system32\IMM32.DLL
0x0000000057eb0000 - 0x0000000057f81000 	C:\Program Files\Java\jdk1.7.0_11\jre\bin\msvcr100.dll
0x0000000058330000 - 0x0000000058a4f000 	C:\Program Files\Java\jdk1.7.0_11\jre\bin\server\jvm.dll
0x00007ffb1ec60000 - 0x00007ffb1ec68000 	C:\WINDOWS\system32\PSAPI.DLL
0x00007ffb11710000 - 0x00007ffb11719000 	C:\WINDOWS\SYSTEM32\WSOCK32.dll
0x00007ffb1a3a0000 - 0x00007ffb1a3c3000 	C:\WINDOWS\SYSTEM32\WINMM.dll
0x00007ffb1f450000 - 0x00007ffb1f4bb000 	C:\WINDOWS\system32\WS2_32.dll
0x00007ffb1a310000 - 0x00007ffb1a33c000 	C:\WINDOWS\SYSTEM32\WINMMBASE.dll
0x00007ffb1cde0000 - 0x00007ffb1ce23000 	C:\WINDOWS\system32\cfgmgr32.dll
0x0000000058320000 - 0x000000005832f000 	C:\Program Files\Java\jdk1.7.0_11\jre\bin\verify.dll
0x00000000582f0000 - 0x0000000058318000 	C:\Program Files\Java\jdk1.7.0_11\jre\bin\java.dll
0x00000000582d0000 - 0x00000000582e5000 	C:\Program Files\Java\jdk1.7.0_11\jre\bin\zip.dll

VM Arguments:
jvm_args: -Djava.awt.headless=true -Xmx1024M -Dfile.encoding=windows-1252 -Duser.country=US -Duser.language=en -Duser.variant 
java_command: com.android.dx.command.Main --dex --num-threads=4 --output C:\Users\hp\Google Drive\Grameen\FOT-Josh\app\build\intermediates\pre-dexed\debug\debug_979395d7269a12fa2cb17a9e50c259bebc1cfa69.jar C:\Users\hp\Google Drive\Grameen\FOT-Josh\app\build\intermediates\classes\debug
Launcher Type: SUN_STANDARD

Environment Variables:
JAVA_HOME=C:\Program Files\Java\jdk1.7.0_11
PATH=C:\Program Files (x86)\NVIDIA Corporation\PhysX\Common;C:\ProgramData\Oracle\Java\javapath;C:\Program Files (x86)\HP SimplePass 2012\x64;C:\Program Files (x86)\HP SimplePass 2012\;;C:\Program Files\Common Files\Microsoft Shared\Windows Live;C:\Program Files (x86)\Common Files\Microsoft Shared\Windows Live;C:\WINDOWS\system32;C:\WINDOWS;C:\WINDOWS\System32\Wbem;C:\WINDOWS\System32\WindowsPowerShell\v1.0\;C:\Program Files (x86)\Common Files\Roxio Shared\DLLShared\;C:\Program Files (x86)\Common Files\Roxio Shared\12.0\DLLShared\;C:\Program Files (x86)\Windows Live\Shared;C:\Program Files\Intel\WiFi\bin\;C:\Program Files\Common Files\Intel\WirelessCommon\;C:\Program Files (x86)\Intel\Services\IPT\;c:\Program Files (x86)\Microsoft SQL Server\90\Tools\binn\;C:\Program Files (x86)\SMLNJ\bin\;C:\Program Files\Microsoft\Web Platform Installer\;C:\Program Files (x86)\Microsoft ASP.NET\ASP.NET Web Pages\v1.0\;C:\Program Files\Microsoft SQL Server\110\Tools\Binn\;C:\Program Files\TortoiseSVN\bin;C:\Program Files (x86)\QuickTime\QTSystem\;C:\Program Files (x86)\Windows Kits\8.1\Windows Performance Toolkit\;C:\Program Files\Microsoft SQL Server\120\DTS\Binn\;C:\Program Files\Microsoft SQL Server\Client SDK\ODBC\110\Tools\Binn\;C:\Program Files (x86)\Microsoft SQL Server\120\Tools\Binn\;C:\Program Files\Microsoft SQL Server\120\Tools\Binn\;C:\Program Files (x86)\Microsoft SQL Server\120\Tools\Binn\ManagementStudio\;C:\Program Files (x86)\Microsoft SQL Server\120\DTS\Binn\;C:\Program Files (x86)\Common Files\lenovo\easyplussdk\bin;C:\Program Files (x86)\Skype\Phone\;C:\Program Files\Microsoft SQL Server\110\DTS\Binn\;C:\Program Files (x86)\Microsoft SQL Server\110\Tools\Binn\;C:\Program Files (x86)\Microsoft SQL Server\110\Tools\Binn\ManagementStudio\;C:\Program Files (x86)\Microsoft Visual Studio 10.0\Common7\IDE\PrivateAssemblies\;C:\Program Files (x86)\Microsoft SQL Server\110\DTS\Binn\;C:\Program Files\Java\jdk1.7.0_11\bin
USERNAME=hp
OS=Windows_NT
PROCESSOR_IDENTIFIER=Intel64 Family 6 Model 42 Stepping 7, GenuineIntel



---------------  S Y S T E M  ---------------

OS: Windows 8 , 64 bit Build 9200 

CPU:total 8 (4 cores per cpu, 2 threads per core) family 6 model 42 stepping 7, cmov, cx8, fxsr, mmx, sse, sse2, sse3, ssse3, sse4.1, sse4.2, popcnt, avx, ht, tsc, tscinvbit

Memory: 4k page, physical 8335212k(2167140k free), swap 10542560k(282336k free)

vm_info: Java HotSpot(TM) 64-Bit Server VM (23.6-b04) for windows-amd64 JRE (1.7.0_11-b21), built on Jan 12 2013 02:38:42 by "java_re" with unknown MS VC++:1600

time: Mon Mar 07 12:35:31 2016
elapsed time: 10 seconds

